---------- Date: 2016-02-14 15:35:23 ~ IP : 176.199.214.127 ----------
REQUEST URI : /X7/admin/index.php?route=extension/modification&token=1nAtJ54WLNIz2WTmcN3gQgFG9BuGvyfQ
MOD DETAILS:
   modFile   : /var/www/vhosts/moreffect.de/httpdocs/X7/vqmod/xml/related_options.xml
   id        : Related Options PRO / Связанные опции PRO
   version   : 1.0.4
   vqmver    : 2.X
   author    : Support: support@liveopencart.com / Поддержка: help@liveopencart.ru

File Name    : admin/model/catalog/product.php(1)
VQModObject::applyMod - SEARCH NOT FOUND (ABORTING MOD): $this->addProduct($data);
----------------------------------------------------------------------


---------- Date: 2016-02-14 15:36:25 ~ IP : 176.199.214.127 ----------
REQUEST URI : /X7/admin/index.php?route=extension/modification&token=1nAtJ54WLNIz2WTmcN3gQgFG9BuGvyfQ
MOD DETAILS:
   modFile   : /var/www/vhosts/moreffect.de/httpdocs/X7/vqmod/xml/related_options.xml
   id        : Related Options PRO / Связанные опции PRO
   version   : 1.0.4
   vqmver    : 2.X
   author    : Support: support@liveopencart.com / Поддержка: help@liveopencart.ru

File Name    : admin/model/catalog/product.php(1)
VQModObject::applyMod - SEARCH NOT FOUND (ABORTING MOD): $this->addProduct($data);
----------------------------------------------------------------------


---------- Date: 2016-02-14 15:38:04 ~ IP : 176.199.214.127 ----------
REQUEST URI : /X7/admin/index.php?route=extension/modification&token=1nAtJ54WLNIz2WTmcN3gQgFG9BuGvyfQ
MOD DETAILS:
   modFile   : /var/www/vhosts/moreffect.de/httpdocs/X7/vqmod/xml/related_options.xml
   id        : Related Options PRO / Связанные опции PRO
   version   : 1.0.4
   vqmver    : 2.X
   author    : Support: support@liveopencart.com / Поддержка: help@liveopencart.ru

File Name    : admin/model/catalog/product.php(1)
VQModObject::applyMod - SEARCH NOT FOUND (ABORTING MOD): $this->addProduct($data);
----------------------------------------------------------------------


---------- Date: 2016-02-14 15:38:34 ~ IP : 176.199.214.127 ----------
REQUEST URI : /X7/admin/index.php?route=extension/modification&token=1nAtJ54WLNIz2WTmcN3gQgFG9BuGvyfQ
MOD DETAILS:
   modFile   : /var/www/vhosts/moreffect.de/httpdocs/X7/vqmod/xml/related_options.xml
   id        : Related Options PRO / Связанные опции PRO
   version   : 1.0.4
   vqmver    : 2.X
   author    : Support: support@liveopencart.com / Поддержка: help@liveopencart.ru

File Name    : admin/model/catalog/product.php(1)
VQModObject::applyMod - SEARCH NOT FOUND (ABORTING MOD): $this->addProduct($data);
----------------------------------------------------------------------


---------- Date: 2016-02-14 15:42:12 ~ IP : 176.199.214.127 ----------
REQUEST URI : /X7/admin/index.php?route=extension/modification&token=1nAtJ54WLNIz2WTmcN3gQgFG9BuGvyfQ
MOD DETAILS:
   modFile   : /var/www/vhosts/moreffect.de/httpdocs/X7/vqmod/xml/related_options.xml
   id        : Related Options PRO / Связанные опции PRO
   version   : 1.0.4
   vqmver    : 2.X
   author    : Support: support@liveopencart.com / Поддержка: help@liveopencart.ru

File Name    : admin/model/catalog/product.php(1)
VQModObject::applyMod - SEARCH NOT FOUND (ABORTING MOD): $this->addProduct($data);
----------------------------------------------------------------------


---------- Date: 2016-02-14 15:42:37 ~ IP : 176.199.214.127 ----------
REQUEST URI : /X7/admin/index.php?route=extension/modification&token=1nAtJ54WLNIz2WTmcN3gQgFG9BuGvyfQ
MOD DETAILS:
   modFile   : /var/www/vhosts/moreffect.de/httpdocs/X7/vqmod/xml/related_options.xml
   id        : Related Options PRO / Связанные опции PRO
   version   : 1.0.4
   vqmver    : 2.X
   author    : Support: support@liveopencart.com / Поддержка: help@liveopencart.ru

File Name    : admin/model/catalog/product.php(1)
VQModObject::applyMod - SEARCH NOT FOUND (ABORTING MOD): $this->addProduct($data);
----------------------------------------------------------------------


---------- Date: 2016-02-14 15:43:48 ~ IP : 176.199.214.127 ----------
REQUEST URI : /X7/admin/index.php?route=extension/modification&token=1nAtJ54WLNIz2WTmcN3gQgFG9BuGvyfQ
MOD DETAILS:
   modFile   : /var/www/vhosts/moreffect.de/httpdocs/X7/vqmod/xml/related_options.xml
   id        : Related Options PRO / Связанные опции PRO
   version   : 1.0.4
   vqmver    : 2.X
   author    : Support: support@liveopencart.com / Поддержка: help@liveopencart.ru

File Name    : admin/model/catalog/product.php(1)
VQModObject::applyMod - SEARCH NOT FOUND (ABORTING MOD): $this->addProduct($data);
----------------------------------------------------------------------


---------- Date: 2016-02-14 15:44:43 ~ IP : 176.199.214.127 ----------
REQUEST URI : /X7/admin/index.php?route=extension/modification&token=1nAtJ54WLNIz2WTmcN3gQgFG9BuGvyfQ
MOD DETAILS:
   modFile   : /var/www/vhosts/moreffect.de/httpdocs/X7/vqmod/xml/related_options.xml
   id        : Related Options PRO / Связанные опции PRO
   version   : 1.0.4
   vqmver    : 2.X
   author    : Support: support@liveopencart.com / Поддержка: help@liveopencart.ru

File Name    : admin/model/catalog/product.php(1)
VQModObject::applyMod - SEARCH NOT FOUND (ABORTING MOD): $this->addProduct($data);
----------------------------------------------------------------------


---------- Date: 2016-02-14 15:44:56 ~ IP : 176.199.214.127 ----------
REQUEST URI : /X7/admin/index.php?route=extension/modification&token=1nAtJ54WLNIz2WTmcN3gQgFG9BuGvyfQ
MOD DETAILS:
   modFile   : /var/www/vhosts/moreffect.de/httpdocs/X7/vqmod/xml/related_options.xml
   id        : Related Options PRO / Связанные опции PRO
   version   : 1.0.4
   vqmver    : 2.X
   author    : Support: support@liveopencart.com / Поддержка: help@liveopencart.ru

File Name    : admin/model/catalog/product.php(1)
VQModObject::applyMod - SEARCH NOT FOUND (ABORTING MOD): $this->addProduct($data);
----------------------------------------------------------------------


---------- Date: 2016-02-14 15:45:52 ~ IP : 176.199.214.127 ----------
REQUEST URI : /X7/admin/index.php?route=extension/modification&token=1nAtJ54WLNIz2WTmcN3gQgFG9BuGvyfQ
MOD DETAILS:
   modFile   : /var/www/vhosts/moreffect.de/httpdocs/X7/vqmod/xml/related_options.xml
   id        : Related Options PRO / Связанные опции PRO
   version   : 1.0.4
   vqmver    : 2.X
   author    : Support: support@liveopencart.com / Поддержка: help@liveopencart.ru

File Name    : admin/model/catalog/product.php(1)
VQModObject::applyMod - SEARCH NOT FOUND (ABORTING MOD): $this->addProduct($data);
----------------------------------------------------------------------


---------- Date: 2016-02-14 15:54:26 ~ IP : 176.199.214.127 ----------
REQUEST URI : /X7/admin/index.php?route=extension/modification&token=1nAtJ54WLNIz2WTmcN3gQgFG9BuGvyfQ
MOD DETAILS:
   modFile   : /var/www/vhosts/moreffect.de/httpdocs/X7/vqmod/xml/related_options.xml
   id        : Related Options PRO / Связанные опции PRO
   version   : 1.0.4
   vqmver    : 2.X
   author    : Support: support@liveopencart.com / Поддержка: help@liveopencart.ru

File Name    : admin/model/catalog/product.php(1)
VQModObject::applyMod - SEARCH NOT FOUND (ABORTING MOD): $this->addProduct($data);
----------------------------------------------------------------------


---------- Date: 2016-02-14 16:04:09 ~ IP : 176.199.214.127 ----------
REQUEST URI : /X7/admin/index.php?route=extension/modification&token=1nAtJ54WLNIz2WTmcN3gQgFG9BuGvyfQ
MOD DETAILS:
   modFile   : /var/www/vhosts/moreffect.de/httpdocs/X7/vqmod/xml/related_options.xml
   id        : Related Options PRO / Связанные опции PRO
   version   : 1.0.4
   vqmver    : 2.X
   author    : Support: support@liveopencart.com / Поддержка: help@liveopencart.ru

File Name    : admin/model/catalog/product.php(1)
VQModObject::applyMod - SEARCH NOT FOUND (ABORTING MOD): $this->addProduct($data);
----------------------------------------------------------------------


---------- Date: 2016-02-14 16:08:15 ~ IP : 176.199.214.127 ----------
REQUEST URI : /X7/admin/index.php?route=extension/modification&token=1nAtJ54WLNIz2WTmcN3gQgFG9BuGvyfQ
MOD DETAILS:
   modFile   : /var/www/vhosts/moreffect.de/httpdocs/X7/vqmod/xml/related_options.xml
   id        : Related Options PRO / Связанные опции PRO
   version   : 1.0.4
   vqmver    : 2.X
   author    : Support: support@liveopencart.com / Поддержка: help@liveopencart.ru

File Name    : admin/model/catalog/product.php(1)
VQModObject::applyMod - SEARCH NOT FOUND (ABORTING MOD): $this->addProduct($data);
----------------------------------------------------------------------


---------- Date: 2016-02-14 16:12:19 ~ IP : 176.199.214.127 ----------
REQUEST URI : /X7/admin/index.php?route=extension/modification&token=1nAtJ54WLNIz2WTmcN3gQgFG9BuGvyfQ
MOD DETAILS:
   modFile   : /var/www/vhosts/moreffect.de/httpdocs/X7/vqmod/xml/related_options.xml
   id        : Related Options PRO / Связанные опции PRO
   version   : 1.0.4
   vqmver    : 2.X
   author    : Support: support@liveopencart.com / Поддержка: help@liveopencart.ru

File Name    : admin/model/catalog/product.php(1)
VQModObject::applyMod - SEARCH NOT FOUND (ABORTING MOD): $this->addProduct($data);
----------------------------------------------------------------------


---------- Date: 2016-02-14 16:20:51 ~ IP : 176.199.214.127 ----------
REQUEST URI : /X7/admin/index.php?route=extension/modification&token=1nAtJ54WLNIz2WTmcN3gQgFG9BuGvyfQ
MOD DETAILS:
   modFile   : /var/www/vhosts/moreffect.de/httpdocs/X7/vqmod/xml/related_options.xml
   id        : Related Options PRO / Связанные опции PRO
   version   : 1.0.4
   vqmver    : 2.X
   author    : Support: support@liveopencart.com / Поддержка: help@liveopencart.ru

File Name    : admin/model/catalog/product.php(1)
VQModObject::applyMod - SEARCH NOT FOUND (ABORTING MOD): $this->addProduct($data);
----------------------------------------------------------------------


---------- Date: 2016-02-14 16:24:09 ~ IP : 176.199.214.127 ----------
REQUEST URI : /X7/admin/index.php?route=extension/modification&token=1nAtJ54WLNIz2WTmcN3gQgFG9BuGvyfQ
MOD DETAILS:
   modFile   : /var/www/vhosts/moreffect.de/httpdocs/X7/vqmod/xml/related_options.xml
   id        : Related Options PRO / Связанные опции PRO
   version   : 1.0.4
   vqmver    : 2.X
   author    : Support: support@liveopencart.com / Поддержка: help@liveopencart.ru

File Name    : admin/model/catalog/product.php(1)
VQModObject::applyMod - SEARCH NOT FOUND (ABORTING MOD): $this->addProduct($data);
----------------------------------------------------------------------


---------- Date: 2016-02-14 16:25:25 ~ IP : 176.199.214.127 ----------
REQUEST URI : /X7/admin/index.php?route=extension/modification&token=1nAtJ54WLNIz2WTmcN3gQgFG9BuGvyfQ
MOD DETAILS:
   modFile   : /var/www/vhosts/moreffect.de/httpdocs/X7/vqmod/xml/related_options.xml
   id        : Related Options PRO / Связанные опции PRO
   version   : 1.0.4
   vqmver    : 2.X
   author    : Support: support@liveopencart.com / Поддержка: help@liveopencart.ru

File Name    : admin/model/catalog/product.php(1)
VQModObject::applyMod - SEARCH NOT FOUND (ABORTING MOD): $this->addProduct($data);
----------------------------------------------------------------------


---------- Date: 2016-02-14 16:32:54 ~ IP : 176.199.214.127 ----------
REQUEST URI : /X7/admin/index.php?route=extension/modification&token=1nAtJ54WLNIz2WTmcN3gQgFG9BuGvyfQ
MOD DETAILS:
   modFile   : /var/www/vhosts/moreffect.de/httpdocs/X7/vqmod/xml/related_options.xml
   id        : Related Options PRO / Связанные опции PRO
   version   : 1.0.4
   vqmver    : 2.X
   author    : Support: support@liveopencart.com / Поддержка: help@liveopencart.ru

File Name    : admin/model/catalog/product.php(1)
VQModObject::applyMod - SEARCH NOT FOUND (ABORTING MOD): $this->addProduct($data);
----------------------------------------------------------------------


---------- Date: 2016-02-14 16:33:43 ~ IP : 176.199.214.127 ----------
REQUEST URI : /X7/admin/index.php?route=extension/modification&token=1nAtJ54WLNIz2WTmcN3gQgFG9BuGvyfQ
MOD DETAILS:
   modFile   : /var/www/vhosts/moreffect.de/httpdocs/X7/vqmod/xml/related_options.xml
   id        : Related Options PRO / Связанные опции PRO
   version   : 1.0.4
   vqmver    : 2.X
   author    : Support: support@liveopencart.com / Поддержка: help@liveopencart.ru

File Name    : admin/model/catalog/product.php(1)
VQModObject::applyMod - SEARCH NOT FOUND (ABORTING MOD): $this->addProduct($data);
----------------------------------------------------------------------


---------- Date: 2016-02-14 16:34:50 ~ IP : 176.199.214.127 ----------
REQUEST URI : /X7/admin/index.php?route=extension/modification&token=1nAtJ54WLNIz2WTmcN3gQgFG9BuGvyfQ
MOD DETAILS:
   modFile   : /var/www/vhosts/moreffect.de/httpdocs/X7/vqmod/xml/related_options.xml
   id        : Related Options PRO / Связанные опции PRO
   version   : 1.0.4
   vqmver    : 2.X
   author    : Support: support@liveopencart.com / Поддержка: help@liveopencart.ru

File Name    : admin/model/catalog/product.php(1)
VQModObject::applyMod - SEARCH NOT FOUND (ABORTING MOD): $this->addProduct($data);
----------------------------------------------------------------------


---------- Date: 2016-02-14 16:47:55 ~ IP : 176.199.214.127 ----------
REQUEST URI : /X7/admin/index.php?route=extension/modification&token=1nAtJ54WLNIz2WTmcN3gQgFG9BuGvyfQ
MOD DETAILS:
   modFile   : /var/www/vhosts/moreffect.de/httpdocs/X7/vqmod/xml/related_options.xml
   id        : Related Options PRO / Связанные опции PRO
   version   : 1.0.4
   vqmver    : 2.X
   author    : Support: support@liveopencart.com / Поддержка: help@liveopencart.ru

File Name    : admin/model/catalog/product.php(1)
VQModObject::applyMod - SEARCH NOT FOUND (ABORTING MOD): $this->addProduct($data);
----------------------------------------------------------------------


---------- Date: 2016-02-14 16:50:14 ~ IP : 176.199.214.127 ----------
REQUEST URI : /X7/admin/index.php?route=extension/modification&token=1nAtJ54WLNIz2WTmcN3gQgFG9BuGvyfQ
MOD DETAILS:
   modFile   : /var/www/vhosts/moreffect.de/httpdocs/X7/vqmod/xml/related_options.xml
   id        : Related Options PRO / Связанные опции PRO
   version   : 1.0.4
   vqmver    : 2.X
   author    : Support: support@liveopencart.com / Поддержка: help@liveopencart.ru

File Name    : admin/model/catalog/product.php(1)
VQModObject::applyMod - SEARCH NOT FOUND (ABORTING MOD): $this->addProduct($data);
----------------------------------------------------------------------


---------- Date: 2016-02-14 16:57:08 ~ IP : 176.199.214.127 ----------
REQUEST URI : /X7/admin/index.php?route=extension/modification&token=1nAtJ54WLNIz2WTmcN3gQgFG9BuGvyfQ
MOD DETAILS:
   modFile   : /var/www/vhosts/moreffect.de/httpdocs/X7/vqmod/xml/related_options.xml
   id        : Related Options PRO / Связанные опции PRO
   version   : 1.0.4
   vqmver    : 2.X
   author    : Support: support@liveopencart.com / Поддержка: help@liveopencart.ru

File Name    : admin/model/catalog/product.php(1)
VQModObject::applyMod - SEARCH NOT FOUND (ABORTING MOD): $this->addProduct($data);
----------------------------------------------------------------------


---------- Date: 2016-02-14 16:59:20 ~ IP : 176.199.214.127 ----------
REQUEST URI : /X7/admin/index.php?route=extension/modification&token=1nAtJ54WLNIz2WTmcN3gQgFG9BuGvyfQ
MOD DETAILS:
   modFile   : /var/www/vhosts/moreffect.de/httpdocs/X7/vqmod/xml/related_options.xml
   id        : Related Options PRO / Связанные опции PRO
   version   : 1.0.4
   vqmver    : 2.X
   author    : Support: support@liveopencart.com / Поддержка: help@liveopencart.ru

File Name    : admin/model/catalog/product.php(1)
VQModObject::applyMod - SEARCH NOT FOUND (ABORTING MOD): $this->addProduct($data);
----------------------------------------------------------------------


---------- Date: 2016-02-14 17:08:27 ~ IP : 176.199.214.127 ----------
REQUEST URI : /X7/admin/index.php?route=extension/modification&token=1nAtJ54WLNIz2WTmcN3gQgFG9BuGvyfQ
MOD DETAILS:
   modFile   : /var/www/vhosts/moreffect.de/httpdocs/X7/vqmod/xml/related_options.xml
   id        : Related Options PRO / Связанные опции PRO
   version   : 1.0.4
   vqmver    : 2.X
   author    : Support: support@liveopencart.com / Поддержка: help@liveopencart.ru

File Name    : admin/model/catalog/product.php(1)
VQModObject::applyMod - SEARCH NOT FOUND (ABORTING MOD): $this->addProduct($data);
----------------------------------------------------------------------


---------- Date: 2016-02-14 17:10:07 ~ IP : 176.199.214.127 ----------
REQUEST URI : /X7/admin/index.php?route=extension/modification&token=1nAtJ54WLNIz2WTmcN3gQgFG9BuGvyfQ
MOD DETAILS:
   modFile   : /var/www/vhosts/moreffect.de/httpdocs/X7/vqmod/xml/related_options.xml
   id        : Related Options PRO / Связанные опции PRO
   version   : 1.0.4
   vqmver    : 2.X
   author    : Support: support@liveopencart.com / Поддержка: help@liveopencart.ru

File Name    : admin/model/catalog/product.php(1)
VQModObject::applyMod - SEARCH NOT FOUND (ABORTING MOD): $this->addProduct($data);
----------------------------------------------------------------------


---------- Date: 2016-02-14 17:10:53 ~ IP : 176.199.214.127 ----------
REQUEST URI : /X7/admin/index.php?route=extension/modification&token=1nAtJ54WLNIz2WTmcN3gQgFG9BuGvyfQ
MOD DETAILS:
   modFile   : /var/www/vhosts/moreffect.de/httpdocs/X7/vqmod/xml/related_options.xml
   id        : Related Options PRO / Связанные опции PRO
   version   : 1.0.4
   vqmver    : 2.X
   author    : Support: support@liveopencart.com / Поддержка: help@liveopencart.ru

File Name    : admin/model/catalog/product.php(1)
VQModObject::applyMod - SEARCH NOT FOUND (ABORTING MOD): $this->addProduct($data);
----------------------------------------------------------------------


---------- Date: 2016-02-14 17:13:41 ~ IP : 176.199.214.127 ----------
REQUEST URI : /X7/admin/index.php?route=extension/modification&token=1nAtJ54WLNIz2WTmcN3gQgFG9BuGvyfQ
MOD DETAILS:
   modFile   : /var/www/vhosts/moreffect.de/httpdocs/X7/vqmod/xml/related_options.xml
   id        : Related Options PRO / Связанные опции PRO
   version   : 1.0.4
   vqmver    : 2.X
   author    : Support: support@liveopencart.com / Поддержка: help@liveopencart.ru

File Name    : admin/model/catalog/product.php(1)
VQModObject::applyMod - SEARCH NOT FOUND (ABORTING MOD): $this->addProduct($data);
----------------------------------------------------------------------


---------- Date: 2016-02-14 17:20:49 ~ IP : 176.199.214.127 ----------
REQUEST URI : /X7/admin/index.php?route=extension/modification&token=1nAtJ54WLNIz2WTmcN3gQgFG9BuGvyfQ
MOD DETAILS:
   modFile   : /var/www/vhosts/moreffect.de/httpdocs/X7/vqmod/xml/related_options.xml
   id        : Related Options PRO / Связанные опции PRO
   version   : 1.0.4
   vqmver    : 2.X
   author    : Support: support@liveopencart.com / Поддержка: help@liveopencart.ru

File Name    : admin/model/catalog/product.php(1)
VQModObject::applyMod - SEARCH NOT FOUND (ABORTING MOD): $this->addProduct($data);
----------------------------------------------------------------------


---------- Date: 2016-02-14 17:25:21 ~ IP : 176.199.214.127 ----------
REQUEST URI : /X7/admin/index.php?route=extension/modification&token=1nAtJ54WLNIz2WTmcN3gQgFG9BuGvyfQ
MOD DETAILS:
   modFile   : /var/www/vhosts/moreffect.de/httpdocs/X7/vqmod/xml/related_options.xml
   id        : Related Options PRO / Связанные опции PRO
   version   : 1.0.4
   vqmver    : 2.X
   author    : Support: support@liveopencart.com / Поддержка: help@liveopencart.ru

File Name    : admin/model/catalog/product.php(1)
VQModObject::applyMod - SEARCH NOT FOUND (ABORTING MOD): $this->addProduct($data);
----------------------------------------------------------------------


---------- Date: 2016-02-14 17:27:56 ~ IP : 176.199.214.127 ----------
REQUEST URI : /X7/admin/index.php?route=extension/modification&token=1nAtJ54WLNIz2WTmcN3gQgFG9BuGvyfQ
MOD DETAILS:
   modFile   : /var/www/vhosts/moreffect.de/httpdocs/X7/vqmod/xml/related_options.xml
   id        : Related Options PRO / Связанные опции PRO
   version   : 1.0.4
   vqmver    : 2.X
   author    : Support: support@liveopencart.com / Поддержка: help@liveopencart.ru

File Name    : admin/model/catalog/product.php(1)
VQModObject::applyMod - SEARCH NOT FOUND (ABORTING MOD): $this->addProduct($data);
----------------------------------------------------------------------


---------- Date: 2016-02-14 17:29:14 ~ IP : 176.199.214.127 ----------
REQUEST URI : /X7/admin/index.php?route=extension/modification&token=1nAtJ54WLNIz2WTmcN3gQgFG9BuGvyfQ
MOD DETAILS:
   modFile   : /var/www/vhosts/moreffect.de/httpdocs/X7/vqmod/xml/related_options.xml
   id        : Related Options PRO / Связанные опции PRO
   version   : 1.0.4
   vqmver    : 2.X
   author    : Support: support@liveopencart.com / Поддержка: help@liveopencart.ru

File Name    : admin/model/catalog/product.php(1)
VQModObject::applyMod - SEARCH NOT FOUND (ABORTING MOD): $this->addProduct($data);
----------------------------------------------------------------------


---------- Date: 2016-02-14 17:37:47 ~ IP : 176.199.214.127 ----------
REQUEST URI : /X7/admin/index.php?route=extension/modification&token=1nAtJ54WLNIz2WTmcN3gQgFG9BuGvyfQ
MOD DETAILS:
   modFile   : /var/www/vhosts/moreffect.de/httpdocs/X7/vqmod/xml/related_options.xml
   id        : Related Options PRO / Связанные опции PRO
   version   : 1.0.4
   vqmver    : 2.X
   author    : Support: support@liveopencart.com / Поддержка: help@liveopencart.ru

File Name    : admin/model/catalog/product.php(1)
VQModObject::applyMod - SEARCH NOT FOUND (ABORTING MOD): $this->addProduct($data);
----------------------------------------------------------------------


---------- Date: 2016-02-14 17:39:10 ~ IP : 176.199.214.127 ----------
REQUEST URI : /X7/admin/index.php?route=extension/modification&token=1nAtJ54WLNIz2WTmcN3gQgFG9BuGvyfQ
MOD DETAILS:
   modFile   : /var/www/vhosts/moreffect.de/httpdocs/X7/vqmod/xml/related_options.xml
   id        : Related Options PRO / Связанные опции PRO
   version   : 1.0.4
   vqmver    : 2.X
   author    : Support: support@liveopencart.com / Поддержка: help@liveopencart.ru

File Name    : admin/model/catalog/product.php(1)
VQModObject::applyMod - SEARCH NOT FOUND (ABORTING MOD): $this->addProduct($data);
----------------------------------------------------------------------


---------- Date: 2016-02-14 17:41:28 ~ IP : 176.199.214.127 ----------
REQUEST URI : /X7/admin/index.php?route=extension/modification&token=1nAtJ54WLNIz2WTmcN3gQgFG9BuGvyfQ
MOD DETAILS:
   modFile   : /var/www/vhosts/moreffect.de/httpdocs/X7/vqmod/xml/related_options.xml
   id        : Related Options PRO / Связанные опции PRO
   version   : 1.0.4
   vqmver    : 2.X
   author    : Support: support@liveopencart.com / Поддержка: help@liveopencart.ru

File Name    : admin/model/catalog/product.php(1)
VQModObject::applyMod - SEARCH NOT FOUND (ABORTING MOD): $this->addProduct($data);
----------------------------------------------------------------------


---------- Date: 2016-02-14 17:44:13 ~ IP : 176.199.214.127 ----------
REQUEST URI : /X7/admin/index.php?route=extension/modification&token=1nAtJ54WLNIz2WTmcN3gQgFG9BuGvyfQ
MOD DETAILS:
   modFile   : /var/www/vhosts/moreffect.de/httpdocs/X7/vqmod/xml/related_options.xml
   id        : Related Options PRO / Связанные опции PRO
   version   : 1.0.4
   vqmver    : 2.X
   author    : Support: support@liveopencart.com / Поддержка: help@liveopencart.ru

File Name    : admin/model/catalog/product.php(1)
VQModObject::applyMod - SEARCH NOT FOUND (ABORTING MOD): $this->addProduct($data);
----------------------------------------------------------------------


---------- Date: 2016-02-14 17:46:35 ~ IP : 176.199.214.127 ----------
REQUEST URI : /X7/admin/index.php?route=extension/modification&token=1nAtJ54WLNIz2WTmcN3gQgFG9BuGvyfQ
MOD DETAILS:
   modFile   : /var/www/vhosts/moreffect.de/httpdocs/X7/vqmod/xml/related_options.xml
   id        : Related Options PRO / Связанные опции PRO
   version   : 1.0.4
   vqmver    : 2.X
   author    : Support: support@liveopencart.com / Поддержка: help@liveopencart.ru

File Name    : admin/model/catalog/product.php(1)
VQModObject::applyMod - SEARCH NOT FOUND (ABORTING MOD): $this->addProduct($data);
----------------------------------------------------------------------


---------- Date: 2016-02-14 18:52:16 ~ IP : 176.199.214.127 ----------
REQUEST URI : /X7/admin/index.php?route=extension/modification&token=1nAtJ54WLNIz2WTmcN3gQgFG9BuGvyfQ
MOD DETAILS:
   modFile   : /var/www/vhosts/moreffect.de/httpdocs/X7/vqmod/xml/related_options.xml
   id        : Related Options PRO / Связанные опции PRO
   version   : 1.0.4
   vqmver    : 2.X
   author    : Support: support@liveopencart.com / Поддержка: help@liveopencart.ru

File Name    : admin/model/catalog/product.php(1)
VQModObject::applyMod - SEARCH NOT FOUND (ABORTING MOD): $this->addProduct($data);
----------------------------------------------------------------------


---------- Date: 2016-02-14 18:53:03 ~ IP : 176.199.214.127 ----------
REQUEST URI : /X7/admin/index.php?route=extension/modification&token=1nAtJ54WLNIz2WTmcN3gQgFG9BuGvyfQ
MOD DETAILS:
   modFile   : /var/www/vhosts/moreffect.de/httpdocs/X7/vqmod/xml/related_options.xml
   id        : Related Options PRO / Связанные опции PRO
   version   : 1.0.4
   vqmver    : 2.X
   author    : Support: support@liveopencart.com / Поддержка: help@liveopencart.ru

File Name    : admin/model/catalog/product.php(1)
VQModObject::applyMod - SEARCH NOT FOUND (ABORTING MOD): $this->addProduct($data);
----------------------------------------------------------------------


---------- Date: 2016-02-14 19:02:32 ~ IP : 176.199.214.127 ----------
REQUEST URI : /X7/admin/index.php?route=extension/modification&token=PhChiunWVsODIntqWvIcaLuTIQbYEbcd
MOD DETAILS:
   modFile   : /var/www/vhosts/moreffect.de/httpdocs/X7/vqmod/xml/related_options.xml
   id        : Related Options PRO / Связанные опции PRO
   version   : 1.0.4
   vqmver    : 2.X
   author    : Support: support@liveopencart.com / Поддержка: help@liveopencart.ru

File Name    : admin/model/catalog/product.php(1)
VQModObject::applyMod - SEARCH NOT FOUND (ABORTING MOD): $this->addProduct($data);
----------------------------------------------------------------------


---------- Date: 2016-02-14 19:02:37 ~ IP : 176.199.214.127 ----------
REQUEST URI : /X7/admin/index.php?route=extension/modification&token=PhChiunWVsODIntqWvIcaLuTIQbYEbcd
MOD DETAILS:
   modFile   : /var/www/vhosts/moreffect.de/httpdocs/X7/vqmod/xml/related_options.xml
   id        : Related Options PRO / Связанные опции PRO
   version   : 1.0.4
   vqmver    : 2.X
   author    : Support: support@liveopencart.com / Поддержка: help@liveopencart.ru

File Name    : admin/model/catalog/product.php(1)
VQModObject::applyMod - SEARCH NOT FOUND (ABORTING MOD): $this->addProduct($data);
----------------------------------------------------------------------


---------- Date: 2016-02-14 19:05:07 ~ IP : 176.199.214.127 ----------
REQUEST URI : /X7/admin/index.php?route=extension/modification&token=eDgrpVfyvvv0z2zCHmhXVjoP4V4XDQXI
MOD DETAILS:
   modFile   : /var/www/vhosts/moreffect.de/httpdocs/X7/vqmod/xml/related_options.xml
   id        : Related Options PRO / Связанные опции PRO
   version   : 1.0.4
   vqmver    : 2.X
   author    : Support: support@liveopencart.com / Поддержка: help@liveopencart.ru

File Name    : admin/model/catalog/product.php(1)
VQModObject::applyMod - SEARCH NOT FOUND (ABORTING MOD): $this->addProduct($data);
----------------------------------------------------------------------


---------- Date: 2016-02-14 19:06:55 ~ IP : 176.199.214.127 ----------
REQUEST URI : /X7/admin/index.php?route=extension/modification&token=eDgrpVfyvvv0z2zCHmhXVjoP4V4XDQXI
MOD DETAILS:
   modFile   : /var/www/vhosts/moreffect.de/httpdocs/X7/vqmod/xml/related_options.xml
   id        : Related Options PRO / Связанные опции PRO
   version   : 1.0.4
   vqmver    : 2.X
   author    : Support: support@liveopencart.com / Поддержка: help@liveopencart.ru

File Name    : admin/model/catalog/product.php(1)
VQModObject::applyMod - SEARCH NOT FOUND (ABORTING MOD): $this->addProduct($data);
----------------------------------------------------------------------


