---------- Date: 2016-02-09 00:03:41 ~ IP : 176.199.214.127 ----------
REQUEST URI : /X7/admin/index.php?route=extension/modification&token=kdN7Tf0LH6m6dDF7sE7kfUiLNSuYHUYb
MOD DETAILS:
   modFile   : /var/www/vhosts/moreffect.de/httpdocs/X7/vqmod/xml/related_options.xml
   id        : Related Options PRO / Связанные опции PRO
   version   : 1.0.4
   vqmver    : 2.X
   author    : Support: support@liveopencart.com / Поддержка: help@liveopencart.ru

File Name    : admin/model/catalog/product.php(1)
VQModObject::applyMod - SEARCH NOT FOUND (ABORTING MOD): $this->addProduct($data);
----------------------------------------------------------------------


---------- Date: 2016-02-09 00:07:41 ~ IP : 176.199.214.127 ----------
REQUEST URI : /X7/admin/index.php?route=extension/modification&token=kdN7Tf0LH6m6dDF7sE7kfUiLNSuYHUYb
MOD DETAILS:
   modFile   : /var/www/vhosts/moreffect.de/httpdocs/X7/vqmod/xml/related_options.xml
   id        : Related Options PRO / Связанные опции PRO
   version   : 1.0.4
   vqmver    : 2.X
   author    : Support: support@liveopencart.com / Поддержка: help@liveopencart.ru

File Name    : admin/model/catalog/product.php(1)
VQModObject::applyMod - SEARCH NOT FOUND (ABORTING MOD): $this->addProduct($data);
----------------------------------------------------------------------


---------- Date: 2016-02-09 00:08:05 ~ IP : 176.199.214.127 ----------
REQUEST URI : /X7/admin/index.php?route=extension/modification&token=kdN7Tf0LH6m6dDF7sE7kfUiLNSuYHUYb
MOD DETAILS:
   modFile   : /var/www/vhosts/moreffect.de/httpdocs/X7/vqmod/xml/related_options.xml
   id        : Related Options PRO / Связанные опции PRO
   version   : 1.0.4
   vqmver    : 2.X
   author    : Support: support@liveopencart.com / Поддержка: help@liveopencart.ru

File Name    : admin/model/catalog/product.php(1)
VQModObject::applyMod - SEARCH NOT FOUND (ABORTING MOD): $this->addProduct($data);
----------------------------------------------------------------------


---------- Date: 2016-02-09 00:12:37 ~ IP : 176.199.214.127 ----------
REQUEST URI : /X7/admin/index.php?route=extension/modification&token=kdN7Tf0LH6m6dDF7sE7kfUiLNSuYHUYb
MOD DETAILS:
   modFile   : /var/www/vhosts/moreffect.de/httpdocs/X7/vqmod/xml/related_options.xml
   id        : Related Options PRO / Связанные опции PRO
   version   : 1.0.4
   vqmver    : 2.X
   author    : Support: support@liveopencart.com / Поддержка: help@liveopencart.ru

File Name    : admin/model/catalog/product.php(1)
VQModObject::applyMod - SEARCH NOT FOUND (ABORTING MOD): $this->addProduct($data);
----------------------------------------------------------------------


---------- Date: 2016-02-09 01:00:51 ~ IP : 176.199.214.127 ----------
REQUEST URI : /X7/admin/index.php?route=extension/modification&token=kdN7Tf0LH6m6dDF7sE7kfUiLNSuYHUYb
MOD DETAILS:
   modFile   : /var/www/vhosts/moreffect.de/httpdocs/X7/vqmod/xml/related_options.xml
   id        : Related Options PRO / Связанные опции PRO
   version   : 1.0.4
   vqmver    : 2.X
   author    : Support: support@liveopencart.com / Поддержка: help@liveopencart.ru

File Name    : admin/model/catalog/product.php(1)
VQModObject::applyMod - SEARCH NOT FOUND (ABORTING MOD): $this->addProduct($data);
----------------------------------------------------------------------


---------- Date: 2016-02-09 01:03:37 ~ IP : 176.199.214.127 ----------
REQUEST URI : /X7/admin/index.php?route=extension/modification&token=kdN7Tf0LH6m6dDF7sE7kfUiLNSuYHUYb
MOD DETAILS:
   modFile   : /var/www/vhosts/moreffect.de/httpdocs/X7/vqmod/xml/related_options.xml
   id        : Related Options PRO / Связанные опции PRO
   version   : 1.0.4
   vqmver    : 2.X
   author    : Support: support@liveopencart.com / Поддержка: help@liveopencart.ru

File Name    : admin/model/catalog/product.php(1)
VQModObject::applyMod - SEARCH NOT FOUND (ABORTING MOD): $this->addProduct($data);
----------------------------------------------------------------------


---------- Date: 2016-02-09 01:14:28 ~ IP : 176.199.214.127 ----------
REQUEST URI : /X7/admin/index.php?route=extension/modification&token=kdN7Tf0LH6m6dDF7sE7kfUiLNSuYHUYb
MOD DETAILS:
   modFile   : /var/www/vhosts/moreffect.de/httpdocs/X7/vqmod/xml/related_options.xml
   id        : Related Options PRO / Связанные опции PRO
   version   : 1.0.4
   vqmver    : 2.X
   author    : Support: support@liveopencart.com / Поддержка: help@liveopencart.ru

File Name    : admin/model/catalog/product.php(1)
VQModObject::applyMod - SEARCH NOT FOUND (ABORTING MOD): $this->addProduct($data);
----------------------------------------------------------------------


---------- Date: 2016-02-09 01:19:42 ~ IP : 176.199.214.127 ----------
REQUEST URI : /X7/admin/index.php?route=extension/modification&token=kdN7Tf0LH6m6dDF7sE7kfUiLNSuYHUYb
MOD DETAILS:
   modFile   : /var/www/vhosts/moreffect.de/httpdocs/X7/vqmod/xml/related_options.xml
   id        : Related Options PRO / Связанные опции PRO
   version   : 1.0.4
   vqmver    : 2.X
   author    : Support: support@liveopencart.com / Поддержка: help@liveopencart.ru

File Name    : admin/model/catalog/product.php(1)
VQModObject::applyMod - SEARCH NOT FOUND (ABORTING MOD): $this->addProduct($data);
----------------------------------------------------------------------


---------- Date: 2016-02-09 01:24:54 ~ IP : 176.199.214.127 ----------
REQUEST URI : /X7/admin/index.php?route=extension/modification&token=kdN7Tf0LH6m6dDF7sE7kfUiLNSuYHUYb
MOD DETAILS:
   modFile   : /var/www/vhosts/moreffect.de/httpdocs/X7/vqmod/xml/related_options.xml
   id        : Related Options PRO / Связанные опции PRO
   version   : 1.0.4
   vqmver    : 2.X
   author    : Support: support@liveopencart.com / Поддержка: help@liveopencart.ru

File Name    : admin/model/catalog/product.php(1)
VQModObject::applyMod - SEARCH NOT FOUND (ABORTING MOD): $this->addProduct($data);
----------------------------------------------------------------------


---------- Date: 2016-02-09 23:33:35 ~ IP : 176.199.214.127 ----------
REQUEST URI : /X7/admin/index.php?route=extension/modification&token=tzbOwPJAskh5F0wxlIKee4ynNulDyC1U
MOD DETAILS:
   modFile   : /var/www/vhosts/moreffect.de/httpdocs/X7/vqmod/xml/related_options.xml
   id        : Related Options PRO / Связанные опции PRO
   version   : 1.0.4
   vqmver    : 2.X
   author    : Support: support@liveopencart.com / Поддержка: help@liveopencart.ru

File Name    : admin/model/catalog/product.php(1)
VQModObject::applyMod - SEARCH NOT FOUND (ABORTING MOD): $this->addProduct($data);
----------------------------------------------------------------------


---------- Date: 2016-02-09 23:33:40 ~ IP : 176.199.214.127 ----------
REQUEST URI : /X7/admin/index.php?route=extension/modification&token=tzbOwPJAskh5F0wxlIKee4ynNulDyC1U
MOD DETAILS:
   modFile   : /var/www/vhosts/moreffect.de/httpdocs/X7/vqmod/xml/related_options.xml
   id        : Related Options PRO / Связанные опции PRO
   version   : 1.0.4
   vqmver    : 2.X
   author    : Support: support@liveopencart.com / Поддержка: help@liveopencart.ru

File Name    : admin/model/catalog/product.php(1)
VQModObject::applyMod - SEARCH NOT FOUND (ABORTING MOD): $this->addProduct($data);
----------------------------------------------------------------------


---------- Date: 2016-02-09 23:33:44 ~ IP : 176.199.214.127 ----------
REQUEST URI : /X7/admin/index.php?route=extension/modification&token=tzbOwPJAskh5F0wxlIKee4ynNulDyC1U
MOD DETAILS:
   modFile   : /var/www/vhosts/moreffect.de/httpdocs/X7/vqmod/xml/related_options.xml
   id        : Related Options PRO / Связанные опции PRO
   version   : 1.0.4
   vqmver    : 2.X
   author    : Support: support@liveopencart.com / Поддержка: help@liveopencart.ru

File Name    : admin/model/catalog/product.php(1)
VQModObject::applyMod - SEARCH NOT FOUND (ABORTING MOD): $this->addProduct($data);
----------------------------------------------------------------------


