---------- Date: 2016-02-10 10:07:16 ~ IP : 176.199.214.127 ----------
REQUEST URI : /X7/admin/index.php?route=extension/modification&token=8Cdr6Blp3yJiZmNpmaBu9bIoRekdKWO7
MOD DETAILS:
   modFile   : /var/www/vhosts/moreffect.de/httpdocs/X7/vqmod/xml/related_options.xml
   id        : Related Options PRO / Связанные опции PRO
   version   : 1.0.4
   vqmver    : 2.X
   author    : Support: support@liveopencart.com / Поддержка: help@liveopencart.ru

File Name    : admin/model/catalog/product.php(1)
VQModObject::applyMod - SEARCH NOT FOUND (ABORTING MOD): $this->addProduct($data);
----------------------------------------------------------------------


---------- Date: 2016-02-10 10:07:19 ~ IP : 176.199.214.127 ----------
REQUEST URI : /X7/admin/index.php?route=extension/modification&token=8Cdr6Blp3yJiZmNpmaBu9bIoRekdKWO7
MOD DETAILS:
   modFile   : /var/www/vhosts/moreffect.de/httpdocs/X7/vqmod/xml/related_options.xml
   id        : Related Options PRO / Связанные опции PRO
   version   : 1.0.4
   vqmver    : 2.X
   author    : Support: support@liveopencart.com / Поддержка: help@liveopencart.ru

File Name    : admin/model/catalog/product.php(1)
VQModObject::applyMod - SEARCH NOT FOUND (ABORTING MOD): $this->addProduct($data);
----------------------------------------------------------------------


---------- Date: 2016-02-10 10:07:24 ~ IP : 176.199.214.127 ----------
REQUEST URI : /X7/admin/index.php?route=extension/modification&token=8Cdr6Blp3yJiZmNpmaBu9bIoRekdKWO7
MOD DETAILS:
   modFile   : /var/www/vhosts/moreffect.de/httpdocs/X7/vqmod/xml/related_options.xml
   id        : Related Options PRO / Связанные опции PRO
   version   : 1.0.4
   vqmver    : 2.X
   author    : Support: support@liveopencart.com / Поддержка: help@liveopencart.ru

File Name    : admin/model/catalog/product.php(1)
VQModObject::applyMod - SEARCH NOT FOUND (ABORTING MOD): $this->addProduct($data);
----------------------------------------------------------------------


---------- Date: 2016-02-10 10:07:30 ~ IP : 176.199.214.127 ----------
REQUEST URI : /X7/admin/index.php?route=extension/modification&token=8Cdr6Blp3yJiZmNpmaBu9bIoRekdKWO7
MOD DETAILS:
   modFile   : /var/www/vhosts/moreffect.de/httpdocs/X7/vqmod/xml/related_options.xml
   id        : Related Options PRO / Связанные опции PRO
   version   : 1.0.4
   vqmver    : 2.X
   author    : Support: support@liveopencart.com / Поддержка: help@liveopencart.ru

File Name    : admin/model/catalog/product.php(1)
VQModObject::applyMod - SEARCH NOT FOUND (ABORTING MOD): $this->addProduct($data);
----------------------------------------------------------------------


---------- Date: 2016-02-10 10:28:56 ~ IP : 176.199.214.127 ----------
REQUEST URI : /X7/admin/index.php?route=extension/modification&token=mLu1sYt4ehxmAmvdGANR5MOYLdCSRYlK
MOD DETAILS:
   modFile   : /var/www/vhosts/moreffect.de/httpdocs/X7/vqmod/xml/related_options.xml
   id        : Related Options PRO / Связанные опции PRO
   version   : 1.0.4
   vqmver    : 2.X
   author    : Support: support@liveopencart.com / Поддержка: help@liveopencart.ru

File Name    : admin/model/catalog/product.php(1)
VQModObject::applyMod - SEARCH NOT FOUND (ABORTING MOD): $this->addProduct($data);
----------------------------------------------------------------------


---------- Date: 2016-02-10 10:29:00 ~ IP : 176.199.214.127 ----------
REQUEST URI : /X7/admin/index.php?route=extension/modification&token=mLu1sYt4ehxmAmvdGANR5MOYLdCSRYlK
MOD DETAILS:
   modFile   : /var/www/vhosts/moreffect.de/httpdocs/X7/vqmod/xml/related_options.xml
   id        : Related Options PRO / Связанные опции PRO
   version   : 1.0.4
   vqmver    : 2.X
   author    : Support: support@liveopencart.com / Поддержка: help@liveopencart.ru

File Name    : admin/model/catalog/product.php(1)
VQModObject::applyMod - SEARCH NOT FOUND (ABORTING MOD): $this->addProduct($data);
----------------------------------------------------------------------


---------- Date: 2016-02-10 10:32:03 ~ IP : 176.199.214.127 ----------
REQUEST URI : /X7/admin/index.php?route=extension/modification&token=mLu1sYt4ehxmAmvdGANR5MOYLdCSRYlK
MOD DETAILS:
   modFile   : /var/www/vhosts/moreffect.de/httpdocs/X7/vqmod/xml/related_options.xml
   id        : Related Options PRO / Связанные опции PRO
   version   : 1.0.4
   vqmver    : 2.X
   author    : Support: support@liveopencart.com / Поддержка: help@liveopencart.ru

File Name    : admin/model/catalog/product.php(1)
VQModObject::applyMod - SEARCH NOT FOUND (ABORTING MOD): $this->addProduct($data);
----------------------------------------------------------------------


---------- Date: 2016-02-10 10:35:13 ~ IP : 176.199.214.127 ----------
REQUEST URI : /X7/admin/index.php?route=extension/modification&token=mLu1sYt4ehxmAmvdGANR5MOYLdCSRYlK
MOD DETAILS:
   modFile   : /var/www/vhosts/moreffect.de/httpdocs/X7/vqmod/xml/related_options.xml
   id        : Related Options PRO / Связанные опции PRO
   version   : 1.0.4
   vqmver    : 2.X
   author    : Support: support@liveopencart.com / Поддержка: help@liveopencart.ru

File Name    : admin/model/catalog/product.php(1)
VQModObject::applyMod - SEARCH NOT FOUND (ABORTING MOD): $this->addProduct($data);
----------------------------------------------------------------------


---------- Date: 2016-02-10 11:28:37 ~ IP : 176.199.214.127 ----------
REQUEST URI : /X7/admin/index.php?route=extension/modification&token=mLu1sYt4ehxmAmvdGANR5MOYLdCSRYlK
MOD DETAILS:
   modFile   : /var/www/vhosts/moreffect.de/httpdocs/X7/vqmod/xml/related_options.xml
   id        : Related Options PRO / Связанные опции PRO
   version   : 1.0.4
   vqmver    : 2.X
   author    : Support: support@liveopencart.com / Поддержка: help@liveopencart.ru

File Name    : admin/model/catalog/product.php(1)
VQModObject::applyMod - SEARCH NOT FOUND (ABORTING MOD): $this->addProduct($data);
----------------------------------------------------------------------


